<?xml version="1.0" encoding="UTF-8" ?>
<testsuite tests="8" failures="0" name="EmprestimoTest" time="0.011" errors="0" skipped="0">
  <properties>
[...]
</properties>
  <testcase classname="EmprestimoTest" name="deveVerificarTipo" time="0.003"/>
  <testcase classname="EmprestimoTest" name="deveVerificarVerificarQuitado" time="0"/>
  <testcase classname="EmprestimoTest" name="deveVerificarNumeroParcelas" time="0"/>
  <testcase classname="EmprestimoTest" name="deveVerificarNumeroParcelasPagas" time="0"/>
  <testcase classname="EmprestimoTest" name="deveVerificarValorPago" time="0.006"/>
  <testcase classname="EmprestimoTest" name="deveVerificarRealizarPagamento" time="0.002"/>
  <testcase classname="EmprestimoTest" name="deveVerificarPessoa" time="0"/>
  <testcase classname="EmprestimoTest" name="deveVerificarValorEmprestimo" time="0"/>
</testsuite>